01 числа 02 месяца 2017 года в 21:23:15 напечатано 3000 бирок для пятой группы
02 числа 02 месяца 2017 года в 16:35:01 напечатано 2127 бирок для пятой группы
02 числа 02 месяца 2017 года в 16:35:01 напечатано 4000 бирок для алкогольной группы
07 числа 02 месяца 2017 года в 19:07:35 напечатано 4000 бирок для четвёртой группы
07 числа 02 месяца 2017 года в 19:07:35 напечатано 4000 бирок для форпоста
07 числа 02 месяца 2017 года в 19:07:35 напечатано 5000 бирок для приёмки
08 числа 02 месяца 2017 года в 16:11:04 напечатано 4000 бирок для четвёртой группы
08 числа 02 месяца 2017 года в 16:11:04 напечатано 4000 бирок для алкогольной группы
09 числа 02 месяца 2017 года в 19:45:52 напечатано 4000 бирок для второй группы
09 числа 02 месяца 2017 года в 19:45:52 напечатано 8000 бирок для алкогольной группы
09 числа 02 месяца 2017 года в 19:45:52 напечатано 5000 бирок для приёмки
10 числа 02 месяца 2017 года в 14:42:43 напечатано 5000 бирок для пятой группы
17 числа 02 месяца 2017 года в 10:28:42 напечатано 5000 бирок для третьей группы
17 числа 02 месяца 2017 года в 10:28:42 напечатано 5000 бирок для четвёртой группы
17 числа 02 месяца 2017 года в 10:28:42 напечатано 9000 бирок для алкогольной группы
18 числа 02 месяца 2017 года в 10:15:22 напечатано 10000 бирок для первой группы
18 числа 02 месяца 2017 года в 10:16:55 напечатано 5000 бирок для первой группы
20 числа 02 месяца 2017 года в 09:17:58 напечатано 5000 бирок для второй группы
20 числа 02 месяца 2017 года в 10:23:37 напечатано 3150 бирок для приёмки
20 числа 02 месяца 2017 года в 10:24:40 напечатано 3150 бирок для приёмки
20 числа 02 месяца 2017 года в 12:12:51 напечатано 3000 бирок для десятой группы
20 числа 02 месяца 2017 года в 12:12:51 напечатано 3150 бирок для приёмки
21 числа 02 месяца 2017 года в 12:29:55 напечатано 1500 бирок для пятой группы
22 числа 02 месяца 2017 года в 08:43:07 напечатано 2 бирок для грузчика Пятериков Дмитрий (PDMA)
22 числа 02 месяца 2017 года в 08:43:07 напечатано 3 бирок для грузчика Михайлов Павел (GMP)
23 пришли новые коробки с тч
24 числа 02 месяца 2017 года в 09:46:26 напечатано 1559 бирок для group5 с 5D488138 по 5D489696
24 числа 02 месяца 2017 года в 11:01:57 150 штрихкодов для сока по просьбе приёмки
24 числа 02 месяца 2017 года в 12:21:08 напечатано 3150 бирок для shipments с BD435806 по BD438955
25 числа 02 месяца 2017 года в 08:12:48 напечатано 10 бирок для грузчика Кузнецов Юрий Васильевич (KYV)
27 числа 02 месяца 2017 года в 11:28:35 напечатано 3000 бирок для group3 с 3B417861 по 3B420860
27 числа 02 месяца 2017 года в 12:48:39 напечатано 1000 бирок для group3 с 3B420861 по 3B421860
27 числа 02 месяца 2017 года в 20:04:47 напечатано 1500 бирок для group2 с 2B448962 по 2B450461
28 числа 02 месяца 2017 года в 15:30:09 напечатано 1 бирок для грузчика Пятериков Дмитрий (PDMA)
28 числа 02 месяца 2017 года в 16:34:22 напечатано 1500 бирок для group4 с 4C414039 по 4C415538
28 числа 02 месяца 2017 года в 19:48:26 напечатано 1500 бирок для group_forp с 7C176508 по 7C178007
01 числа 03 месяца 2017 года в 08:15:58 напечатано 10 бирок для грузчика Нурсултанов Амангельды (GNAT)
01 числа 03 месяца 2017 года в 10:35:26 напечатано 1 бирок для shipments с BD438956 по BD438956
01 числа 03 месяца 2017 года в 10:35:54 напечатано 4000 бирок для shipments с BD438957 по BD442956
01 числа 03 месяца 2017 года в 13:05:46 напечатано 5 бирок для грузчика Михайлов Павел (GMP)
01 числа 03 месяца 2017 года в 16:15:21 напечатано 10 бирок для грузчика Плотников Александр (GPAV)
01 числа 03 месяца 2017 года в 16:17:39 напечатано 10 бирок для грузчика Фадюшин Валерий (FWN)
01 числа 03 месяца 2017 года в 16:22:50 напечатано 10 бирок для грузчика Буров Максим (GBUM)
01 числа 03 месяца 2017 года в 16:24:02 напечатано 10 бирок для грузчика Кабаков Денис (GKDD)
01 числа 03 месяца 2017 года в 17:59:15 напечатано 3000 бирок для group5 с 5D495139 по 5D498138
01 числа 03 месяца 2017 года в 20:04:02 напечатано 3000 бирок для group2 с 2B450462 по 2B453461
01 числа 03 месяца 2017 года в 20:23:56 потрачено около 300 наклеек из-за того, что принтер который раз налепил наклейку на датчик подачи, ааа!
03 числа 03 месяца 2017 года в 08:15:03 напечатано 5 бирок для грузчика Пятериков Дмитрий (PDMA)
03 числа 03 месяца 2017 года в 17:07:37 напечатано 3000 бирок для group3 с 3B421861 по 3B424860
07 числа 03 месяца 2017 года в 11:45:00 напечатано 3000 бирок для group_alco с A526992 по A529991
07 числа 03 месяца 2017 года в 13:01:31 напечатано 3000 бирок для group4 с 4C415539 по 4C418538
07 числа 03 месяца 2017 года в 13:36:23 потрачено около ста бирок из-за попадания наклейки на сканер бумаги. Опять.
09 числа 03 месяца 2017 года в 08:44:01 напечатано 6300 бирок для shipments с BD442957 по BD449256
09 числа 03 месяца 2017 года в 10:29:14 напечатано 3000 бирок для group2 с 2B453462 по 2B456461
09 числа 03 месяца 2017 года в 13:02:32 напечатано 1 бирок для грузчика Пятериков Дмитрий (PDMA)
09 числа 03 месяца 2017 года в 13:06:21 напечатано 3000 бирок для group5 с 5D498139 по 5D501138
10 числа 03 месяца 2017 года в 09:31:43 потрачено 6 наклеек по просьбе старшего кладовщика третьей группы
10 числа 03 месяца 2017 года в 19:40:23 напечатано 1 бирок для грузчика  (4607017211991)
11 числа 03 месяца 2017 года в 08:42:26 напечатано 5000 бирок для group_forp с 7C179178 по 7C184177
11 числа 03 месяца 2017 года в 12:01:32 Напечатано 3000 бирок для group_alco с A529992 по A532991
13 числа 03 месяца 2017 года в 10:46:52 Напечатано 4000 бирок для group_alco с A532992 по A536991
13 числа 03 месяца 2017 года в 13:43:32 Напечатано 4000 бирок для group1 с 1C380754 по 1C384753
14 числа 03 месяца 2017 года в 09:05:24 Напечатано 1 бирок для грузчика Шаламов Денис (GHDE)
15 числа 03 месяца 2017 года в 07:13:38 Напечатано 4000 бирок для group4 с 4C418539 по 4C422538
15 числа 03 месяца 2017 года в 09:36:37 Напечатано 4000 бирок для group10 с x338698 по x342697
15 числа 03 месяца 2017 года в 17:18:37 Напечатано 3000 бирок для group5 с 5D501139 по 5D504138
15 числа 03 месяца 2017 года в 20:13:13 Напечатано 3000 бирок для group3 с 3B424861 по 3B427860
16 числа 03 месяца 2017 года в 12:21:06 Напечатано 4000 бирок для group2 с 2B456462 по 2B460461
17 числа 03 месяца 2017 года в 07:23:30 Напечатано 600 бирок для group_alco с A536992 по A537591
17 числа 03 месяца 2017 года в 07:29:31 Напечатано 400 бирок для group_alco с A537592 по A537991
17 марта пришло 60 катушек - 60*335=20100
18 числа 03 месяца 2017 года в 08:20:56 Напечатано 3000 бирок для group1 с 1C384754 по 1C387753 /17100
18 числа 03 месяца 2017 года в 08:56:43 Напечатано 3000 бирок для shipments с BD449257 по BD452256 /14100
18 числа 03 месяца 2017 года в 12:03:51 Напечатано 3000 бирок для group_alco с A537992 по A540991 /11100
20 числа 03 месяца 2017 года в 18:57:28 Напечатано 4 бирок для грузчика Михайлов Павел (GMP) /11096
21 числа 03 месяца 2017 года в 13:02:17 Напечатано 1500 бирок для group2 с 2B460462 по 2B461961 /9596
21 числа 03 месяца 2017 года в 16:47:13 Напечатано 3000 бирок для group3 с 3B427861 по 3B430860 /6596
22 числа 03 месяца 2017 года в 09:08:48 напечатано 20 наклеек по просьбе кладовщика 3 группы /6576
22 числа 03 месяца 2017 года в 13:38:03 Напечатано 1 бирок для грузчика Кузнецов Юрий (KYV) /6575
22 числа 03 месяца 2017 года в 21:08:21 Напечатано 1 бирок для грузчика Чернышов Алексей (GCHA) /6574
22 числа 03 месяца 2017 года в 21:09:16 Напечатано 1 бирок для грузчика Коровин Дмитрий (GKD) /6573
22 числа 03 месяца 2017 года в 23:44:45 Напечатано 1 бирок для грузчика Пятериков Дмитрий (PDMA) /6572
23 числа 03 месяца 2017 года в 08:27:24 Напечатано 10 бирок для грузчика Теняев Николай (TNN) /6562
23 числа 03 месяца 2017 года в 08:28:02 Напечатано 5 бирок для грузчика Теняев Николай (TNN) /6557
23 числа 03 месяца 2017 года в 08:43:12 Напечатано 2 бирок для грузчика Чернышов Алексей (GCHA) /6555
23 числа 03 месяца 2017 года в 09:08:28 Напечатано 2 бирок для грузчика Коровин Дмитрий (GKD) /6553
23 числа 03 месяца 2017 года в 09:41:31 Напечатано 500 бирок для group5 с 5D504139 по 5D505638 /6053
23 числа 03 месяца 2017 года в 10:23:41 Напечатано 1000 бирок для group5 с 5D505639 по 5D506638 /5053
23 числа 03 месяца 2017 года в 13:38:53 Напечатано 1500 бирок для shipments с BD452257 по BD453756 /3553
23 числа 03 месяца 2017 года в 22:46:31 Напечатано 1 бирок для грузчика Зырянов Олег (GZO) /3552
23 числа 03 месяца 2017 года в 22:47:19 Напечатано 1 бирок для грузчика Андреев Алексей (GANA) /3551
24 числа 03 месяца 2017 года в 00:10:56 Напечатано 1 бирок для грузчика Пятериков Дмитрий (PDMA) /3550
24 числа 03 месяца 2017 года в 10:49:49 потрачено 6 наклеек по просьбе старшего кладовщика третьей группы /3544
24 числа 03 месяца 2017 года в 13:38:11 напечатано 108 наклеек для ячеек D14* /3436
24 числа 03 месяца 2017 года в 14:48:14 Напечатано 10 бирок для грузчика Олешков Максим (OLV) /3426
24 числа 03 месяца 2017 года в 20:45:34 Напечатано 10 бирок для грузчика Жернаков Максим (GHE) /3416
24 числа 03 месяца 2017 года в 20:46:23 Напечатано 10 бирок для грузчика Баженов Егор (GBE) /3406
25 числа 03 месяца 2017 года в 10:24:52 Напечатано 1500 бирок для group4 с 4C422539 по 4C424038 /1906 
27 пришло 60 катушек 60*335=20100 + 1906 /22006
27 числа 03 месяца 2017 года в 09:51:23 Напечатано 5000 бирок для shipments с BD453757 по BD458756 /17006
27 числа 03 месяца 2017 года в 09:58:22 Напечатано 50 бирок для group4 с 4C424039 по 4C424088 /16956
27 числа 03 месяца 2017 года в 09:58:51 Напечатано 4000 бирок для group4 с 4C424089 по 4C428088 /12956
27 числа 03 месяца 2017 года в 12:42:20 Напечатано 5 бирок для group1 с 1C387755 по 1C387759 /12951
27 числа 03 месяца 2017 года в 12:42:56 Напечатано 4000 бирок для group5 с 5D506639 по 5D510638 /8951
27 числа 03 месяца 2017 года в 13:26:08 Напечатано 3000 бирок для group3 с 3B430861 по 3B433860 /5951
27 числа 03 месяца 2017 года в 13:57:05 Напечатано 3000 бирок для group2 с 2B461962 по 2B464961 /2951
27 числа 03 месяца 2017 года в 14:26:18 Напечатано 10 бирок для грузчика Максимов Владислав (MVN) /2941
27 числа 03 месяца 2017 года в 14:27:20 Напечатано 10 бирок для грузчика Карзаков Александр (KAIG) /2931
28 числа 03 месяца 2017 года в 11:55:13 Напечатано 5 бирок для грузчика Карзаков Александр (KAIG) /2926
28 числа 03 месяца 2017 года в 11:56:29 Напечатано 5 бирок для грузчика Максимов Влад (MVN) /2921
28 числа 03 месяца 2017 года в 16:27:49 Напечатано 6 бирок для грузчика Селиванов Андрей С. (GSAS) /2915
28 числа 03 месяца 2017 года в 21:02:50 Напечатано 1 бирок для group_forp с 7C184178 по 7C184178 /2914
29 числа 03 месяца 2017 года в 08:20:20 Напечатано 10 бирок для грузчика Оторвин Вячеслав (OVV) /2904
29 числа 03 месяца 2017 года в 13:27:10 Напечатано 1500 бирок для group_forp с 7C184179 по 7C185678 /1404
30 числа 03 месяца 2017 года в 09:24:50 Напечатано 4000 бирок для shipments с BD458757 по BD462756 /-2596
30 числа 03 месяца 2017 года в 16:10:43 Напечатано 1 бирок для shipments с BD462757 по BD462757 /-2597
31 числа 03 месяца 2017 года в 16:51:13 Напечатано 1500 бирок для group4 с 4C428089 по 4C429588 /-4097
01 числа 04 месяца 2017 года в 10:53:59 пришло 3 коробки термочеков /58500 /325 в одной
01 числа 04 месяца 2017 года в 13:42:18 Напечатано 3000 бирок для group1 с 1C387760 по 1C390759 /55500
03 числа 04 месяца 2017 года в 07:15:49 Напечатано 1800 бирок для group4 с 4C429589 по 4C431388 /53700
03 числа 04 месяца 2017 года в 08:22:30 Напечатано 15 бирок для грузчика Фудоров Михаил В. (GFMV) /53685
03 числа 04 месяца 2017 года в 08:23:27 Напечатано 15 бирок для грузчика Федоров Михаил В. (GFMV) /53670
03 числа 04 месяца 2017 года в 08:27:57 Напечатано 3000 бирок для group_alco с A540992 по A543991 /50670
03 числа 04 месяца 2017 года в 21:12:47 Напечатано 5 бирок для грузчика Калегин Антон (GKA) /50665
03 числа 04 месяца 2017 года в 21:14:06 Напечатано 5 бирок для грузчика Михайлов Павел (GMP) /50660
03 числа 04 месяца 2017 года в 21:47:03 Напечатано 1 бирок для грузчика Калегин Антон (GKA) /50659
03 числа 04 месяца 2017 года в 21:52:41 Напечатано 5 бирок для грузчика Калегин Антон (GKAA) /50654
03 числа 04 месяца 2017 года в 21:53:56 Напечатано 5 бирок для грузчика Калегин Антон (GKAA1) /50649
04 числа 04 месяца 2017 года в 09:01:18 Напечатано 3000 бирок для group_forp с 7C185679 по 7C188678 /47649
04 числа 04 месяца 2017 года в 11:29:52 Напечатано 3000 бирок для group3 с 3B436862 по 3B439861 /44649
04 числа 04 месяца 2017 года в 16:11:33 Напечатано 10 бирок для грузчика Калегин Антон (GKA) /44639
04 числа 04 месяца 2017 года в 16:13:40 Напечатано 10 бирок для грузчика Калегин Антон (GKA) /44629
04 числа 04 месяца 2017 года в 16:25:04 Напечатано 3000 бирок для group_fruit с FA1 по FA3000 /41629
04 числа 04 месяца 2017 года в 18:14:36 Напечатано 10 бирок для грузчика Стеренчук Владимир (SWA1) /41619
04 числа 04 месяца 2017 года в 18:42:54 Напечатано 4000 бирок для group2 с 2B464962 по 2B468961 /37619
04 числа 04 месяца 2017 года в 21:38:40 Напечатано 2 бирок для грузчика Пятериков Дмитрий (PDMA) /37617
04 числа 04 месяца 2017 года в 21:40:05 Напечатано 2 бирок для грузчика Михайлов Павел (GMP) /37615
05 числа 04 месяца 2017 года в 07:27:43 Напечатано 3 бирок для грузчика Пятериков Дмитрий (PDMA) /37612
05 числа 04 месяца 2017 года в 07:28:54 Напечатано 3 бирок для грузчика Михайлов Павел (GMP) /37609
05 числа 04 месяца 2017 года в 07:29:19 Напечатано 3 бирок для грузчика Михайлов Евгений (GMEV) /37606
05 числа 04 месяца 2017 года в 09:51:49 Напечатано 3000 бирок для group10 с x342698 по x345697 /34606
05 числа 04 месяца 2017 года в 14:51:42 Напечатано 3000 бирок для group5 с 5D510639 по 5D513638 /31606
05 числа 04 месяца 2017 года в 15:23:51 Напечатано 3000 бирок для shipments с BD462759 по BD465758 /28606
05 числа 04 месяца 2017 года в 16:49:15 Напечатано 4000 бирок для group1 с 1C390760 по 1C394759 /24606
10 числа 04 месяца 2017 года в 23:42:57 напечатано 99 наклеек для стеллажа S10 /24507
11 числа 04 месяца 2017 года в 09:22:26 Напечатано 4000 бирок для group3 с 3B439862 по 3B443861 /20507
11 числа 04 месяца 2017 года в 12:01:26 Напечатано 4000 бирок для group_alco с A543992 по A547991 /16507
11 числа 04 месяца 2017 года в 12:35:52 Напечатано 2500 бирок для group_alco с A547992 по A550491 /14007
11 числа 04 месяца 2017 года в 14:58:59 Напечатано 4000 бирок для shipments с BD465759 по BD469758 /10007
12 числа 04 месяца 2017 года в 08:02:20 Напечатано 5 бирок для грузчика Кзылбай Куаныш (KKK) /10002
12 числа 04 месяца 2017 года в 15:41:23 Напечатано 4000 бирок для group2 с 2B468963 по 2B472962 /6002
12 числа 04 месяца 2017 года в 20:42:26 Напечатано 1117 бирок для group5 с 5D513640 по 5D514806 /4885
12 числа 04 месяца 2017 года в 22:48:53 Напечатано 1833 бирок для group5 с 5D516640 по 5D518472 /3052
12 числа 04 месяца 2017 года в 23:12:19 распечатано 20 бирок по просьбе комплектовщика /3032
13 числа 04 месяца 2017 года в 07:11:20 Напечатано 3000 бирок для group4 с 4C431389 по 4C434388 /32
13 числа 04 месяца 2017 года в 10:23:49 Напечатано 10 бирок для грузчика Храмцов Алексей (HRAA) /22
13 числа 04 месяца 2017 года в 12:46:41 Напечатано 1 бирок для group10 с x345700 по x345700 /21
13 числа 04 месяца 2017 года в 13:37:09 Напечатано 2 бирок для group10 с x345701 по x345702 /19
14 числа 04 месяца 2017 года в 08:21:38 Напечатано 5 бирок для грузчика Отумбаев Арман Каирбаевич (OAK) /14
18 числа 04 месяца 2017 года в 10:23:46 напечатано 20 бирок для технических нужд /-6
19 числа 04 месяца 2017 года в 11:26:43 приехало 2 коробки /2*60*325=39000
19 числа 04 месяца 2017 года в 11:26:55 Напечатано 5000 бирок для shipments с BD469761 по BD474760 /34000
19 числа 04 месяца 2017 года в 17:32:41 Напечатано 4000 бирок для group3 с 3B443862 по 3B447861 /30000
19 числа 04 месяца 2017 года в 18:26:19 Напечатано 4000 бирок для group2 с 2B476963 по 2B480962 /26000
19 числа 04 месяца 2017 года в 20:22:50 Напечатано 4000 бирок для group1 с 1C394794 по 1C398793 /22000
20 числа 04 месяца 2017 года в 10:29:51 Напечатано 3000 бирок для group10 с x348704 по x351703 /19000
20 числа 04 месяца 2017 года в 16:18:39 Напечатано 4000 бирок для group4 с 4C434389 по 4C438388 /15000
21 числа 04 месяца 2017 года в 07:08:49 Напечатано 4000 бирок для group_alco с A550492 по A554491 /11000
21 числа 04 месяца 2017 года в 10:23:11 Напечатано 3000 бирок для group5 с 5D518473 по 5D521472 /8000
22 числа 04 месяца 2017 года в 10:16:38 распечатано 8 наклеек по просьбе старшего кладовщика 3г. /7992
24 числа 04 месяца 2017 года в 16:44:47 Напечатано 4000 бирок для shipments с BD474761 по BD478760 /3992
24 числа 04 месяца 2017 года в 17:23:19 Напечатано 5 бирок для грузчика Пятериков Дмитрий (PDMA) /3987
24 числа 04 месяца 2017 года в 20:06:29 Напечатано 10 бирок для грузчика Баженов Егор (GBE) /3977
24 числа 04 месяца 2017 года в 20:29:05 Напечатано 2000 бирок для group_forp с 7C188682 по 7C190681 /1977
26 числа 04 месяца 2017 года в 21:07:28 Напечатано 5 бирок для грузчика Баженов Егор (GBE) /1972
26 числа 04 месяца 2017 года в 21:20:09 Напечатано 1500 бирок для group2 с 2B480963 по 2B482462 /472
27 числа 04 месяца 2017 года в 13:50:32 Напечатано 3*325=975 бирок для салатов /-503 (0)
27 числа 04 месяца 2017 года в 17:34:27 получена коробка термочеков 60*325=19500
27 числа 04 месяца 2017 года в 17:34:27 напечатно 4*325+150=1450 бирок для салатов /18050
27 числа 04 месяца 2017 года в 17:52:38 Напечатано 3000 бирок для group3 с 3B447862 по 3B450861 /15050
27 числа 04 месяца 2017 года в 18:56:37 Напечатано 3000 бирок для group5 с 5D521473 по 5D524472 /12050
27 числа 04 месяца 2017 года в 20:30:45 Напечатано 3000 бирок для group_alco с A554492 по A557491 /9050
27 числа 04 месяца 2017 года в 23:38:26 Напечатано 3000 бирок для group2 с 2B482463 по 2B485462 /6050
28 числа 04 месяца 2017 года в 07:06:02 Напечатано 1 бирок для грузчика  (KWW-3) /6049
28 числа 04 месяца 2017 года в 07:07:19 Напечатано 1 бирок для грузчика Камшилов Вячеслав (KWW-3) /6048
28 числа 04 месяца 2017 года в 19:25:08 Напечатано 1 бирок для грузчика Камшилов Вячеслав (KWW-3) /6047
29 числа 04 месяца 2017 года в 07:33:19 Напечатано 3000 бирок для group4 с 4C438389 по 4C441388 /3047
02 числа 05 месяца 2017 года в 09:02:46 Напечатано 1500 бирок для group10 с x351704 по x353203 /1547
02 числа 05 месяца 2017 года в 09:18:46 Напечатано 1500 бирок для shipments с BD478761 по BD480260 /47
02 числа 05 месяца 2017 года в 09:36:05 Напечатано 100 бирок для shipments с BD480261 по BD480360 /-53
02 числа 05 месяца 2017 года в 09:37:03 Напечатано 39 бирок для shipments с BD480361 по BD480399 /-92
03 числа 05 месяца 2017 года в 13:38:58 Напечатано 1 бирок для грузчика Пятериков Дмитрий (PDMA)
03 числа 05 месяца 2017 года в 13:39:13 Напечатано 1 бирок для грузчика Пятериков Дмитрий (PDMA)
03 числа 05 месяца 2017 года в 13:39:46 Напечатано 1 бирок для грузчика Пятериков Дмитрий (PDMA)
04 числа 05 месяца 2017 года в 15:13:38 пришло 3 полных коробки и одна на 50 катушек 3*60*325 + 50*325 = 58500+16250 = 74750
04 числа 05 месяца 2017 года в 15:32:03 Напечатано 5000 бирок для group_alco с A557492 по A562491 \69750
04 числа 05 месяца 2017 года в 16:24:32 Напечатано 3000 бирок для group_forp с 7C190682 по 7C193681 \66750
04 числа 05 месяца 2017 года в 16:50:49 Напечатано 3000 бирок для group3 с 3B450862 по 3B453861 \63750
04 числа 05 месяца 2017 года в 17:27:41 Напечатано 10 бирок для грузчика Логинов Евгений (GLE) \63740
04 числа 05 месяца 2017 года в 17:30:04 Напечатано 3000 бирок для group1 с 1C401794 по 1C404793 \60750
04 числа 05 месяца 2017 года в 17:58:05 Напечатано 3000 бирок для group_fruit с FA3002 по FA6001 \57750
04 числа 05 месяца 2017 года в 20:27:33 Напечатано 3000 бирок для group2 с 2B485463 по 2B488462 \54750
04 числа 05 месяца 2017 года в 23:30:48 Напечатано 10 бирок для грузчика Черкащенко Юрий (CHUD) \54740
05 числа 05 месяца 2017 года в 10:50:28 Напечатано 5000 бирок для shipments с BD480461 по BD485460 \49740
06 числа 05 месяца 2017 года в 00:33:15 Напечатано 1 бирок для грузчика Баженов Егор (GBE) \49739
06 числа 05 месяца 2017 года в 08:41:22 напечатано 320 наклеек для N61 и N62 стеллажей \49419
08 числа 05 месяца 2017 года в 13:38:33 Напечатано 3000 бирок для group4 с 4C441389 по 4C444388 \46419
10 числа 05 месяца 2017 года в 13:03:39 Напечатано 3000 бирок для group2 с 2B491463 по 2B494462 \43419
10 числа 05 месяца 2017 года в 13:13:42 на датчике бумаги был клей и во время очистки и калибрации потеряно около 100 наклеек \43319
10 числа 05 месяца 2017 года в 16:00:27 Напечатано 3000 бирок для group5 с 5D524473 по 5D527472 \40319
11 числа 05 месяца 2017 года в 07:08:50 Напечатано 5000 бирок для group_alco с A562492 по A567491 \35319
11 числа 05 месяца 2017 года в 20:16:16 Напечатано 2 бирок для group2 с 2B494463 по 2B494464 \35317
12 числа 05 месяца 2017 года в 07:56:17 Напечатано 10 бирок для грузчика Подлесков Роман (GPRV) \35307
12 числа 05 месяца 2017 года в 15:48:52 Напечатано 29 наклеек по просьбе комплектовщиков \35278
12 числа 05 месяца 2017 года в 16:59:01 Напечатано 3000 бирок для group10 с x353204 по x356203 \32278
12 числа 05 месяца 2017 года в 18:37:15 Напечатано 11 наклеек по просьбе старшего кладовщика 3 группы \32267
12 числа 05 месяца 2017 года в 18:48:15 пришла коробка термочеков 325*60 = +19500 \51778
15 числа 05 месяца 2017 года в 08:08:45 Напечатано 3000 бирок для group3 с 3B453862 по 3B456861 \48778
15 числа 05 месяца 2017 года в 10:27:18 Напечатано 5000 бирок для shipments с BD485461 по BD490460 \43778
17 числа 05 месяца 2017 года в 13:40:40 Напечатано 3000 бирок для group5 с 5D527473 по 5D530472
17 числа 05 месяца 2017 года в 21:28:46 Напечатано 3000 бирок для group4 с 4C444389 по 4C447388
17 числа 05 месяца 2017 года в 21:54:59 Напечатано 3000 бирок для group3 с 3B456862 по 3B459861
18 числа 05 месяца 2017 года в 13:32:21 Напечатано 1 бирок для грузчика Пятериков Дмитрий (PDMA)
18 числа 05 месяца 2017 года в 19:00:42 Напечатано 3000 бирок для group2 с 2B494465 по 2B497464
19 числа 05 месяца 2017 года в 08:15:04 Напечатано 10 бирок для грузчика Оторвин Вячеслав (OVV)
19 числа 05 месяца 2017 года в 09:06:04 Напечатано 10 бирок для карщика
19 числа 05 месяца 2017 года в 10:30:12 Напечатано 10 бирок для грузчика Огарков Андрей (GOA)
19 числа 05 месяца 2017 года в 16:29:15 Напечатано 3 бирок для грузчика Михайлов Павел (GMP)
19 числа 05 месяца 2017 года в 18:17:30 Напечатано 3000 бирок для group1 с 1C404794 по 1C407793
19 числа 05 месяца 2017 года в 21:10:03 Напечатано 3000 бирок для group_forp с 7C193682 по 7C196681
20 числа 05 месяца 2017 года в 11:18:03 Напечатано 3000 бирок для group1 с 1C407794 по 1C410793
22 числа 05 месяца 2017 года в 09:20:15 Напечатано 10 бирок для грузчика Брагин Алексей (BRAI)
22 числа 05 месяца 2017 года в 09:20:26 Напечатано 10 бирок для грузчика Брагин Алексей (BRAI)
23 числа 05 месяца 2017 года в 00:38:12 Напечатано 1 бирок для грузчика 1 (1)
23 числа 05 месяца 2017 года в 08:29:41 Напечатано 10 бирок для грузчика Сергиенков Сергей (SESS)
23 числа 05 месяца 2017 года в 08:32:23 Напечатано 10 бирок для грузчика Сергиенков Сергей (SESS)
23 числа 05 месяца 2017 года в 12:58:23 Напечатано 3000 бирок для group5 с 5D530473 по 5D533472
23 числа 05 месяца 2017 года в 13:26:05 Напечатано 3000 бирок для shipments с BD490461 по BD493460
23 числа 05 месяца 2017 года в 14:01:12 Напечатано 3000 бирок для group4 с 4C447389 по 4C450388
23 числа 05 месяца 2017 года в 16:01:11 Напечатано 10 бирок для грузчика Огарков Андрей (GOA)
23 числа 05 месяца 2017 года в 16:11:29 Напечатано 5 бирок для грузчика Моисеев Вадим (GMVS)
24 числа 05 месяца 2017 года в 14:20:33 Напечатано 3000 бирок для group_alco с A567492 по A570491
24 числа 05 месяца 2017 года в 17:03:27 Напечатано 3000 бирок для group10 с x356204 по x359203
24 числа 05 месяца 2017 года в 17:58:23 Напечатано 3000 бирок для shipments с BD493461 по BD496460
27 числа 05 месяца 2017 года в 09:18:02 Напечатано 5 бирок для грузчика Юсупов Кирилл (GYK)
29 числа 05 месяца 2017 года в 12:44:42 Напечатано 3000 бирок для group2 с 2B497465 по 2B500464
